<?xml version="1.0" encoding="UTF-8"?>
<!-- Generated by org.testng.reporters.JUnitXMLReporter -->
<testsuite ignored="0" hostname="LAPTOP-NNNVR37U" failures="0" tests="6" name="Default test" time="13.006" errors="0" timestamp="2024-07-05T09:34:56 IST">
  <testcase classname="practise.Heroku" name="ABtesting" time="0.445"/>
  <testcase classname="practise.Heroku" name="addremove" time="0.631"/>
  <testcase classname="practise.Heroku" name="basicauth" time="0.513"/>
  <testcase classname="practise.Heroku" name="brokenimage" time="1.142"/>
  <testcase classname="practise.Heroku" name="checkboxes" time="0.797"/>
  <testcase classname="practise.Heroku" name="rightclick" time="0.717"/>
</testsuite> <!-- Default test -->
