<?xml version="1.0" encoding="UTF-8"?>
<testng-results ignored="0" total="6" passed="6" failed="0" skipped="0">
  <reporter-output>
  </reporter-output>
  <suite started-at="2024-07-05T09:34:43 IST" name="Default suite" finished-at="2024-07-05T09:34:56 IST" duration-ms="13006">
    <groups>
    </groups>
    <test started-at="2024-07-05T09:34:43 IST" name="Default test" finished-at="2024-07-05T09:34:56 IST" duration-ms="13006">
      <class name="practise.Heroku">
        <test-method is-config="true" signature="setup()[pri:0, instance:practise.Heroku@2a3b5b47]" started-at="2024-07-05T09:34:43 IST" name="setup" finished-at="2024-07-05T09:34:44 IST" duration-ms="1358" status="PASS">
          <reporter-output>
          </reporter-output>
        </test-method> <!-- setup -->
        <test-method is-config="true" signature="url()[pri:0, instance:practise.Heroku@2a3b5b47]" started-at="2024-07-05T09:34:44 IST" name="url" finished-at="2024-07-05T09:34:49 IST" duration-ms="5187" status="PASS">
          <reporter-output>
          </reporter-output>
        </test-method> <!-- url -->
        <test-method signature="ABtesting()[pri:0, instance:practise.Heroku@2a3b5b47]" started-at="2024-07-05T09:34:49 IST" name="ABtesting" finished-at="2024-07-05T09:34:50 IST" duration-ms="445" status="PASS">
          <reporter-output>
          </reporter-output>
        </test-method> <!-- ABtesting -->
        <test-method is-config="true" signature="url()[pri:0, instance:practise.Heroku@2a3b5b47]" started-at="2024-07-05T09:34:50 IST" name="url" finished-at="2024-07-05T09:34:50 IST" duration-ms="446" status="PASS">
          <reporter-output>
          </reporter-output>
        </test-method> <!-- url -->
        <test-method signature="addremove()[pri:0, instance:practise.Heroku@2a3b5b47]" started-at="2024-07-05T09:34:50 IST" name="addremove" finished-at="2024-07-05T09:34:51 IST" duration-ms="631" status="PASS">
          <reporter-output>
          </reporter-output>
        </test-method> <!-- addremove -->
        <test-method is-config="true" signature="url()[pri:0, instance:practise.Heroku@2a3b5b47]" started-at="2024-07-05T09:34:51 IST" name="url" finished-at="2024-07-05T09:34:51 IST" duration-ms="400" status="PASS">
          <reporter-output>
          </reporter-output>
        </test-method> <!-- url -->
        <test-method signature="basicauth()[pri:0, instance:practise.Heroku@2a3b5b47]" started-at="2024-07-05T09:34:51 IST" name="basicauth" finished-at="2024-07-05T09:34:52 IST" duration-ms="513" status="PASS">
          <reporter-output>
          </reporter-output>
        </test-method> <!-- basicauth -->
        <test-method is-config="true" signature="url()[pri:0, instance:practise.Heroku@2a3b5b47]" started-at="2024-07-05T09:34:52 IST" name="url" finished-at="2024-07-05T09:34:52 IST" duration-ms="458" status="PASS">
          <reporter-output>
          </reporter-output>
        </test-method> <!-- url -->
        <test-method signature="brokenimage()[pri:0, instance:practise.Heroku@2a3b5b47]" started-at="2024-07-05T09:34:52 IST" name="brokenimage" finished-at="2024-07-05T09:34:53 IST" duration-ms="1142" status="PASS">
          <reporter-output>
          </reporter-output>
        </test-method> <!-- brokenimage -->
        <test-method is-config="true" signature="url()[pri:0, instance:practise.Heroku@2a3b5b47]" started-at="2024-07-05T09:34:53 IST" name="url" finished-at="2024-07-05T09:34:54 IST" duration-ms="381" status="PASS">
          <reporter-output>
          </reporter-output>
        </test-method> <!-- url -->
        <test-method signature="checkboxes()[pri:0, instance:practise.Heroku@2a3b5b47]" started-at="2024-07-05T09:34:54 IST" name="checkboxes" finished-at="2024-07-05T09:34:55 IST" duration-ms="797" status="PASS">
          <reporter-output>
          </reporter-output>
        </test-method> <!-- checkboxes -->
        <test-method is-config="true" signature="url()[pri:0, instance:practise.Heroku@2a3b5b47]" started-at="2024-07-05T09:34:55 IST" name="url" finished-at="2024-07-05T09:34:55 IST" duration-ms="493" status="PASS">
          <reporter-output>
          </reporter-output>
        </test-method> <!-- url -->
        <test-method signature="rightclick()[pri:0, instance:practise.Heroku@2a3b5b47]" started-at="2024-07-05T09:34:55 IST" name="rightclick" finished-at="2024-07-05T09:34:56 IST" duration-ms="717" status="PASS">
          <reporter-output>
          </reporter-output>
        </test-method> <!-- rightclick -->
      </class> <!-- practise.Heroku -->
    </test> <!-- Default test -->
  </suite> <!-- Default suite -->
</testng-results>
